<?xml version="1.0" encoding="UTF-8"?>
<!-- Generated by org.testng.reporters.JUnitReportReporter -->
<testsuite hostname="MADDPRAS-M-22Q7" failures="0" tests="7" name="com.tests.FlyAwayTests" time="1.217" errors="0" timestamp="2024-12-30T13:25:21 IST" skipped="0">
  <testcase classname="com.tests.FlyAwayTests" name="validateBookingDetailsPresence" time="1.082"/>
  <system-out/>
  <testcase classname="com.tests.FlyAwayTests" name="validateStatusCode405" time="0.014"/>
  <system-out/>
  <testcase classname="com.tests.FlyAwayTests" name="validateStatusCode200" time="0.025"/>
  <system-out/>
  <testcase classname="com.tests.FlyAwayTests" name="validateLinksPresence" time="0.011"/>
  <system-out/>
  <testcase classname="com.tests.FlyAwayTests" name="validateBookingLinks" time="0.029"/>
  <system-out/>
  <testcase classname="com.tests.FlyAwayTests" name="validateResponseTime" time="0.037"/>
  <system-out/>
  <testcase classname="com.tests.FlyAwayTests" name="validateCopyrightNotice" time="0.019"/>
  <system-out/>
</testsuite> <!-- com.tests.FlyAwayTests -->
