<?xml version="1.0" encoding="UTF-8"?>
<!-- Generated by org.testng.reporters.JUnitReportReporter -->
<testsuite hostname="MADDPRAS-M-22Q7" failures="0" tests="2" name="com.tests.FlightSearchTest" time="0.823" errors="0" timestamp="2024-12-30T13:25:47 IST" skipped="0">
  <testcase classname="com.tests.FlightSearchTest" name="testLogin" time="0.395"/>
  <system-out/>
  <testcase classname="com.tests.FlightSearchTest" name="FlightTest" time="0.428"/>
  <system-out/>
</testsuite> <!-- com.tests.FlightSearchTest -->
